#
# There is insufficient memory for the Java Runtime Environment to continue.
# Native memory allocation (mmap) failed to map 132120576 bytes. Error detail: G1 virtual space
# Possible reasons:
#   The system is out of physical RAM or swap space
#   This process is running with CompressedOops enabled, and the Java Heap may be blocking the growth of the native heap
# Possible solutions:
#   Reduce memory load on the system
#   Increase physical memory or swap space
#   Check if swap backing store is full
#   Decrease Java heap size (-Xmx/-Xms)
#   Decrease number of Java threads
#   Decrease Java thread stack sizes (-Xss)
#   Set larger code cache with -XX:ReservedCodeCacheSize=
#   JVM is running with Unscaled Compressed Oops mode in which the Java heap is
#     placed in the first 4GB address space. The Java Heap base address is the
#     maximum limit for the native heap growth. Please use -XX:HeapBaseMinAddress
#     to set the Java Heap base and to place the Java Heap above 4GB virtual address.
# This output file may be truncated or incomplete.
#
#  Out of Memory Error (os_windows.cpp:3703), pid=37924, tid=6516
#
# JRE version:  (23.0.1+11) (build )
# Java VM: Java HotSpot(TM) 64-Bit Server VM (23.0.1+11-39, mixed mode, sharing, tiered, compressed oops, compressed class ptrs, g1 gc, windows-amd64)
# No core dump will be written. Minidumps are not enabled by default on client versions of Windows
#

---------------  S U M M A R Y ------------

Command Line: -Dfile.encoding=UTF-8 -Ddb2.jcc.charsetDecoderEncoder=3 com.ibm.db2.server.DssLauncher 3000 off c:\Users\DELL\AppData\Roaming\Code\logs\20260619T110718\window1\exthost\IBM.db2forzosdeveloperextension -Xmx256M

Host: Intel(R) Core(TM) i5-6300U CPU @ 2.40GHz, 4 cores, 7G,  Windows 10 , 64 bit Build 19041 (10.0.19041.7291)
Time: Fri Jun 19 11:10:43 2026 India Standard Time elapsed time: 0.353083 seconds (0d 0h 0m 0s)

---------------  T H R E A D  ---------------

Current thread (0x000002ac8d3ae1e0):  JavaThread "Unknown thread" [_thread_in_vm, id=6516, stack(0x000000cd88300000,0x000000cd88400000) (1024K)]

Stack: [0x000000cd88300000,0x000000cd88400000]
Native frames: (J=compiled Java code, j=interpreted, Vv=VM code, C=native code)
V  [jvm.dll+0x6e08b9]  (no source info available)
V  [jvm.dll+0x87dc83]  (no source info available)
V  [jvm.dll+0x88010e]  (no source info available)
V  [jvm.dll+0x8807e3]  (no source info available)
V  [jvm.dll+0x27aee6]  (no source info available)
V  [jvm.dll+0x6dd1c5]  (no source info available)
V  [jvm.dll+0x6d104a]  (no source info available)
V  [jvm.dll+0x35b3ea]  (no source info available)
V  [jvm.dll+0x3637f6]  (no source info available)
V  [jvm.dll+0x34fd5e]  (no source info available)
V  [jvm.dll+0x34fff8]  (no source info available)
V  [jvm.dll+0x3289cc]  (no source info available)
V  [jvm.dll+0x32966e]  (no source info available)
V  [jvm.dll+0x844355]  (no source info available)
V  [jvm.dll+0x3b9848]  (no source info available)
V  [jvm.dll+0x82d14c]  (no source info available)
V  [jvm.dll+0x454d4e]  (no source info available)
V  [jvm.dll+0x456bd1]  (no source info available)
C  [jli.dll+0x52a3]  (no source info available)
C  [ucrtbase.dll+0x21bb2]  (no source info available)
C  [KERNEL32.DLL+0x17374]  (no source info available)
C  [ntdll.dll+0x4cc91]  (no source info available)

Lock stack of current Java thread (top to bottom):


---------------  P R O C E S S  ---------------

Threads class SMR info:
_java_thread_list=0x00007ffeff0f3618, length=0, elements={
}

Java Threads: ( => current thread )
Total: 0

Other Threads:
  0x000002ac8f6c36d0 WorkerThread "GC Thread#0"                     [id=36228, stack(0x000000cd88400000,0x000000cd88500000) (1024K)]
  0x000002ac8f6d7ff0 ConcurrentGCThread "G1 Main Marker"            [id=11208, stack(0x000000cd88500000,0x000000cd88600000) (1024K)]
  0x000002ac8f6d8b00 WorkerThread "G1 Conc#0"                       [id=27200, stack(0x000000cd88600000,0x000000cd88700000) (1024K)]

[error occurred during error reporting (printing all threads), id 0xc0000005, EXCEPTION_ACCESS_VIOLATION (0xc0000005) at pc=0x00007ffefe83bfba]
VM state: not at safepoint (not fully initialized)

VM Mutex/Monitor currently owned by a thread:  ([mutex/lock_event])
[0x00007ffeff173a10] Heap_lock - owner thread: 0x000002ac8d3ae1e0

Heap address: 0x0000000082e00000, size: 2002 MB, Compressed Oops mode: 32-bit

CDS archive(s) mapped at: [0x0000000000000000-0x0000000000000000-0x0000000000000000), size 0, SharedBaseAddress: 0x0000000800000000, ArchiveRelocationMode: 1.
Narrow klass base: 0x0000000000000000, Narrow klass shift: 0, Narrow klass range: 0x0

GC Precious Log:
 CardTable entry size: 512
 Card Set container configuration: InlinePtr #cards 5 size 8 Array Of Cards #cards 10 size 36 Howl #buckets 4 coarsen threshold 1843 Howl Bitmap #cards 512 size 80 coarsen threshold 460 Card regions per heap region 1 cards per card region 2048

Heap:
 garbage-first heap   total reserved 2050048K, committed 0K, used 0K [0x0000000082e00000, 0x0000000100000000)
  region size 1024K, 0 young (0K), 0 survivors (0K)

[error occurred during error reporting (printing heap information), id 0xc0000005, EXCEPTION_ACCESS_VIOLATION (0xc0000005) at pc=0x00007ffefec3c3c9]
GC Heap History (0 events):
No events

Dll operation events (1 events):
Event: 0.185 Loaded shared library C:\Program Files\Java\jdk-23\bin\java.dll

Deoptimization events (0 events):
No events

Classes loaded (0 events):
No events

Classes unloaded (0 events):
No events

Classes redefined (0 events):
No events

Internal exceptions (0 events):
No events

VM Operations (0 events):
No events

Memory protections (0 events):
No events

Nmethod flushes (0 events):
No events

Events (0 events):
No events


Dynamic libraries:
0x00007ff643490000 - 0x00007ff6434a0000 	C:\Program Files\Java\jdk-23\bin\java.exe
0x00007fff6a030000 - 0x00007fff6a229000 	C:\Windows\SYSTEM32\ntdll.dll
0x00007fff699c0000 - 0x00007fff69a82000 	C:\Windows\System32\KERNEL32.DLL
0x00007fff67c20000 - 0x00007fff67f17000 	C:\Windows\System32\KERNELBASE.dll
0x00007fff676a0000 - 0x00007fff677a0000 	C:\Windows\System32\ucrtbase.dll
0x00007fff50f00000 - 0x00007fff50f1b000 	C:\Program Files\Java\jdk-23\bin\VCRUNTIME140.dll
0x00007fff50570000 - 0x00007fff50587000 	C:\Program Files\Java\jdk-23\bin\jli.dll
0x00007fff68df0000 - 0x00007fff68f8d000 	C:\Windows\System32\USER32.dll
0x00007fff677a0000 - 0x00007fff677c2000 	C:\Windows\System32\win32u.dll
0x00007fff69a90000 - 0x00007fff69abb000 	C:\Windows\System32\GDI32.dll
0x00007fff679b0000 - 0x00007fff67aca000 	C:\Windows\System32\gdi32full.dll
0x00007fff67b80000 - 0x00007fff67c1d000 	C:\Windows\System32\msvcp_win.dll
0x00007fff539e0000 - 0x00007fff53c7b000 	C:\Windows\WinSxS\amd64_microsoft.windows.common-controls_6595b64144ccf1df_6.0.19041.6926_none_60b5a53971f8f7e6\COMCTL32.dll
0x00007fff69e90000 - 0x00007fff69f2e000 	C:\Windows\System32\msvcrt.dll
0x00007fff680d0000 - 0x00007fff680ff000 	C:\Windows\System32\IMM32.DLL
0x00007fff64340000 - 0x00007fff6434c000 	C:\Program Files\Java\jdk-23\bin\vcruntime140_1.dll
0x00007fff3f2b0000 - 0x00007fff3f33e000 	C:\Program Files\Java\jdk-23\bin\msvcp140.dll
0x00007ffefe500000 - 0x00007ffeff24f000 	C:\Program Files\Java\jdk-23\bin\server\jvm.dll
0x00007fff69f30000 - 0x00007fff69fe1000 	C:\Windows\System32\ADVAPI32.dll
0x00007fff68030000 - 0x00007fff680cf000 	C:\Windows\System32\sechost.dll
0x00007fff68300000 - 0x00007fff68426000 	C:\Windows\System32\RPCRT4.dll
0x00007fff68000000 - 0x00007fff68027000 	C:\Windows\System32\bcrypt.dll
0x00007fff68c70000 - 0x00007fff68cdb000 	C:\Windows\System32\WS2_32.dll
0x00007fff674f0000 - 0x00007fff6753b000 	C:\Windows\SYSTEM32\POWRPROF.dll
0x00007fff4e9b0000 - 0x00007fff4e9d7000 	C:\Windows\SYSTEM32\WINMM.dll
0x00007fff589f0000 - 0x00007fff589fa000 	C:\Windows\SYSTEM32\VERSION.dll
0x00007fff67420000 - 0x00007fff67432000 	C:\Windows\SYSTEM32\UMPDC.dll
0x00007fff654d0000 - 0x00007fff654e2000 	C:\Windows\SYSTEM32\kernel.appcore.dll
0x00007fff626b0000 - 0x00007fff626ba000 	C:\Program Files\Java\jdk-23\bin\jimage.dll
0x00007fff5f190000 - 0x00007fff5f391000 	C:\Windows\SYSTEM32\DBGHELP.DLL
0x00007fff51420000 - 0x00007fff51454000 	C:\Windows\SYSTEM32\dbgcore.DLL
0x00007fff67f20000 - 0x00007fff67fa2000 	C:\Windows\System32\bcryptPrimitives.dll
0x00007fff4eb90000 - 0x00007fff4ebae000 	C:\Program Files\Java\jdk-23\bin\java.dll
0x00007fff68fb0000 - 0x00007fff690db000 	C:\Windows\System32\ole32.dll
0x00007fff69ac0000 - 0x00007fff69e13000 	C:\Windows\System32\combase.dll
0x00007fff68430000 - 0x00007fff68ba1000 	C:\Windows\System32\SHELL32.dll

dbghelp: loaded successfully - version: 4.0.5 - missing functions: none
symbol engine: initialized successfully - sym options: 0x614 - pdb path: .;C:\Program Files\Java\jdk-23\bin;C:\Windows\SYSTEM32;C:\Windows\WinSxS\amd64_microsoft.windows.common-controls_6595b64144ccf1df_6.0.19041.6926_none_60b5a53971f8f7e6;C:\Program Files\Java\jdk-23\bin\server

VM Arguments:
jvm_args: -Dfile.encoding=UTF-8 -Ddb2.jcc.charsetDecoderEncoder=3 
java_command: com.ibm.db2.server.DssLauncher 3000 off c:\Users\DELL\AppData\Roaming\Code\logs\20260619T110718\window1\exthost\IBM.db2forzosdeveloperextension -Xmx256M
java_class_path (initial): c:\Users\DELL\.vscode\extensions\ibm.db2forzosdeveloperextension-2.2.6\dist\dss-dist-2.2.6.jar;;c:\Users\DELL\.vscode\extensions\ibm.db2forzosdeveloperextension-2.2.6\lib\db2jcc4.jar;c:\Users\DELL\.vscode\extensions\ibm.db2forzosdeveloperextension-2.2.6\lib\sqlj4.zip
Launcher Type: SUN_STANDARD

[Global flags]
     intx CICompilerCount                          = 3                                         {product} {ergonomic}
     uint ConcGCThreads                            = 1                                         {product} {ergonomic}
     uint G1ConcRefinementThreads                  = 4                                         {product} {ergonomic}
   size_t G1HeapRegionSize                         = 1048576                                   {product} {ergonomic}
   size_t InitialHeapSize                          = 132120576                                 {product} {ergonomic}
   size_t MarkStackSize                            = 4194304                                   {product} {ergonomic}
   size_t MarkStackSizeMax                         = 536870912                                 {product} {ergonomic}
   size_t MaxHeapSize                              = 2099249152                                {product} {ergonomic}
   size_t MinHeapDeltaBytes                        = 1048576                                   {product} {ergonomic}
   size_t MinHeapSize                              = 8388608                                   {product} {ergonomic}
    uintx NonNMethodCodeHeapSize                   = 5832704                                {pd product} {ergonomic}
    uintx NonProfiledCodeHeapSize                  = 122945536                              {pd product} {ergonomic}
    uintx ProfiledCodeHeapSize                     = 122880000                              {pd product} {ergonomic}
    uintx ReservedCodeCacheSize                    = 251658240                              {pd product} {ergonomic}
     bool SegmentedCodeCache                       = true                                      {product} {ergonomic}
   size_t SoftMaxHeapSize                          = 2099249152                             {manageable} {ergonomic}
     bool UseCompressedOops                        = true                           {product lp64_product} {ergonomic}
     bool UseG1GC                                  = true                                      {product} {ergonomic}
     bool UseLargePagesIndividualAllocation        = false                                  {pd product} {ergonomic}

Logging:
Log output configuration:
 #0: stdout all=warning uptime,level,tags foldmultilines=false
 #1: stderr all=off uptime,level,tags foldmultilines=false

Environment Variables:
PATH=C:\oraclexe\app\oracle\product\11.2.0\server\bin;C:\Program Files\Common Files\Oracle\Java\javapath;C:\Windows\system32;C:\Windows;C:\Windows\System32\Wbem;C:\Windows\System32\WindowsPowerShell\v1.0\;C:\Windows\System32\OpenSSH\;C:\Program Files\Git\cmd;C:\Program Files\Git\bin;C:\Program Files\dotnet\;C:\Program Files\nodejs\;C:\Program Files\MongoDB\Server\8.0\bin;C:\Program Files\MongoDB\Server\8.0\bin\mongo.exe;C:\Program Files (x86)\Common Files\NSEC\;C:\Program Files (x86)\Common Files\NSEC\x64;C:\Users\DELL\AppData\Local\Microsoft\WindowsApps;C:\Users\DELL\AppData\Local\Programs\Microsoft VS Code\bin;C:\Program Files\JetBrains\IntelliJ IDEA Community Edition 2024.3\bin;D:\anacoda;;C:\Users\DELL\AppData\Roaming\npm;C:\Users\DELL\AppData\Local\GitHubDesktop\bin;D:\Users\DELL\Downloads\mongosh-2.5.3-win32-x64\bin;
USERNAME=DELL
OS=Windows_NT
PROCESSOR_IDENTIFIER=Intel64 Family 6 Model 78 Stepping 3, GenuineIntel
TMP=C:\Users\DELL\AppData\Local\Temp
TEMP=C:\Users\DELL\AppData\Local\Temp




Periodic native trim disabled

---------------  S Y S T E M  ---------------

OS:
 Windows 10 , 64 bit Build 19041 (10.0.19041.7291)
OS uptime: 0 days 19:04 hours
Hyper-V role detected

CPU: total 4 (initial active 4) (2 cores per cpu, 2 threads per core) family 6 model 78 stepping 3 microcode 0xcc, cx8, cmov, fxsr, ht, mmx, 3dnowpref, sse, sse2, sse3, ssse3, sse4.1, sse4.2, popcnt, lzcnt, tsc, tscinvbit, avx, avx2, aes, erms, clmul, bmi1, bmi2, rtm, adx, fma, vzeroupper, clflush, clflushopt, hv, rdtscp, f16c
Processor Information for the first 4 processors :
  Max Mhz: 2501, Current Mhz: 2200, Mhz Limit: 2175

Memory: 4k page, system-wide physical 8005M (231M free)
TotalPageFile size 24255M (AvailPageFile size 228M)
current process WorkingSet (physical memory assigned to process): 10M, peak: 10M
current process commit charge ("private bytes"): 52M, peak: 178M

vm_info: Java HotSpot(TM) 64-Bit Server VM (23.0.1+11-39) for windows-amd64 JRE (23.0.1+11-39), built on 2024-09-30T07:20:43Z with MS VC++ 17.6 (VS2022)

END.
